2024.09.03 15:31:59 INFO  tracing is disabled for protocol LSP, to enable tracing of incoming and outgoing JSON messages create an empty file at /home/mauro/project/laravel-tdd-api_rest/.metals/lsp.trace.json or /home/mauro/.cache/metals/lsp.trace.json[0m
2024.09.03 15:32:00 INFO  logging to file /home/mauro/project/laravel-tdd-api_rest/.metals/metals.log[0m
2024.09.03 15:32:00 INFO  Started: Metals version 0.11.2 in workspace '/home/mauro/project/laravel-tdd-api_rest' for client coc.nvim 0.0.82.[0m
2024.09.03 15:32:00 INFO  Parse release: 11.0.20[0m
2024.09.03 15:32:19 INFO  time: initialize in 18s[0m
2024.09.03 15:32:21 INFO  tracing is disabled for protocol LSP, to enable tracing of incoming and outgoing JSON messages create an empty file at /home/mauro/project/laravel-tdd-api_rest/.metals/lsp.trace.json or /home/mauro/.cache/metals/lsp.trace.json[0m
2024.09.03 15:32:21 WARN  Build server is not auto-connectable.[0m
2024.09.03 15:32:21 WARN  no build tool detected in workspace '/home/mauro/project/laravel-tdd-api_rest'. The most common cause for this problem is that the editor was opened in the wrong working directory, for example if you use sbt then the workspace directory should contain build.sbt. [0m
2024.09.03 15:32:23 INFO  logging to file /home/mauro/project/laravel-tdd-api_rest/.metals/metals.log[0m
2024.09.03 15:32:23 INFO  Started: Metals version 0.11.2 in workspace '/home/mauro/project/laravel-tdd-api_rest' for client coc.nvim 0.0.82.[0m
2024.09.03 15:32:23 INFO  Parse release: 11.0.20[0m
2024.09.03 15:32:32 INFO  time: initialize in 8.47s[0m
2024.09.03 15:32:32 WARN  Build server is not auto-connectable.[0m
2024.09.03 15:32:32 WARN  no build tool detected in workspace '/home/mauro/project/laravel-tdd-api_rest'. The most common cause for this problem is that the editor was opened in the wrong working directory, for example if you use sbt then the workspace directory should contain build.sbt. [0m
2024.09.03 15:32:55 INFO  tracing is disabled for protocol LSP, to enable tracing of incoming and outgoing JSON messages create an empty file at /home/mauro/project/laravel-tdd-api_rest/.metals/lsp.trace.json or /home/mauro/.cache/metals/lsp.trace.json[0m
2024.09.03 15:32:58 INFO  logging to file /home/mauro/project/laravel-tdd-api_rest/.metals/metals.log[0m
2024.09.03 15:32:58 INFO  Started: Metals version 0.11.2 in workspace '/home/mauro/project/laravel-tdd-api_rest' for client coc.nvim 0.0.82.[0m
2024.09.03 15:32:58 INFO  Parse release: 11.0.20[0m
2024.09.03 15:33:06 INFO  time: initialize in 7.87s[0m
2024.09.03 15:33:07 WARN  Build server is not auto-connectable.[0m
2024.09.03 15:33:07 WARN  no build tool detected in workspace '/home/mauro/project/laravel-tdd-api_rest'. The most common cause for this problem is that the editor was opened in the wrong working directory, for example if you use sbt then the workspace directory should contain build.sbt. [0m
